<?xml version="1.0" encoding="UTF-8"?>
<!-- Generated by org.testng.reporters.JUnitReportReporter -->
<testsuite hostname="Lajirs-MacBook-Pro.local" name="seltest12.testSeltest" tests="2" failures="0" timestamp="10 Apr 2017 20:15:50 GMT" time="23.347" errors="0">
  <testcase name="testLoginFB" time="8.975" classname="seltest12.testSeltest"/>
  <testcase name="testStatusEntry" time="14.372" classname="seltest12.testSeltest"/>
</testsuite> <!-- seltest12.testSeltest -->
